TN:
SF:LinkedList.js
FN:2,(anonymous_0)
FN:7,(anonymous_1)
FN:13,(anonymous_2)
FN:23,(anonymous_3)
FN:37,(anonymous_4)
FN:49,(anonymous_5)
FN:55,(anonymous_6)
FNF:7
FNH:6
FNDA:9,(anonymous_0)
FNDA:24,(anonymous_1)
FNDA:7,(anonymous_2)
FNDA:4,(anonymous_3)
FNDA:0,(anonymous_4)
FNDA:25,(anonymous_5)
FNDA:8,(anonymous_6)
DA:3,9
DA:4,9
DA:8,24
DA:9,24
DA:10,24
DA:14,7
DA:16,5
DA:17,5
DA:18,8
DA:20,5
DA:24,4
DA:25,2
DA:26,1
DA:27,1
DA:30,1
DA:31,1
DA:33,1
DA:34,1
DA:38,0
DA:39,0
DA:40,0
DA:41,0
DA:42,0
DA:44,0
DA:50,25
DA:51,25
DA:55,1
DA:56,8
DA:57,8
DA:58,21
DA:60,8
DA:63,1
LF:32
LH:26
BRDA:14,0,0,2
BRDA:14,0,1,5
BRDA:14,1,0,7
BRDA:14,1,1,6
BRDA:24,2,0,2
BRDA:24,2,1,2
BRDA:24,3,0,4
BRDA:24,3,1,3
BRDA:25,4,0,1
BRDA:25,4,1,1
BRDA:31,5,0,0
BRDA:31,5,1,1
BRF:12
BRH:11
end_of_record
